"D:/proj/UE/GoRogue/Content/ExampleContent/UI/Texture/T_UI_ButtonImage_02.uasset" 0
"../../../Engine/Content/Functions/Engine_MaterialFunctions01/Gradient/LinearGradient.uasset" 1
"D:/proj/UE/GoRogue/Content/AssetLibrary/Materials/M_HealthBar.uasset" 2
"D:/proj/UE/GoRogue/Content/AssetLibrary/Materials/MI_RageBar.uasset" 3
"D:/proj/UE/GoRogue/Content/UI/WBP_RageBar.uasset" 4
"D:/proj/UE/GoRogue/Content/UI/WBP_HealthBar.uasset" 5
"D:/proj/UE/GoRogue/Content/UI/WBP_GameModeInfo.uasset" 6
"D:/proj/UE/GoRogue/Content/UI/WBP_Crosshair.uasset" 7
"D:/proj/UE/GoRogue/Content/UI/WBP_Credits.uasset" 8
"D:/proj/UE/GoRogue/Content/UI/WBP_MainHUD.uasset" 9
"D:/proj/UE/GoRogue/Content/ExampleContent/UI/Texture/T_UI_ButtonImage_01.uasset" 10
"D:/proj/UE/GoRogue/Content/ExampleContent/UI/Fonts/Cinzel/Cinzel-Regular.uasset" 11
"D:/proj/UE/GoRogue/Content/ExampleContent/UI/Fonts/Cinzel/Cinzel-Bold.uasset" 12
"D:/proj/UE/GoRogue/Content/ExampleContent/UI/Fonts/Cinzel/Cinzel-Black.uasset" 13
"D:/proj/UE/GoRogue/Content/ExampleContent/UI/Fonts/Cinzel/Cinzel.uasset" 14
"D:/proj/UE/GoRogue/Content/UI/Menu/WBP_MenuButton.uasset" 15
"D:/proj/UE/GoRogue/Content/ExampleContent/UI/Texture/T_UI_Border_02.uasset" 16
"D:/proj/UE/GoRogue/Content/UI/Menu/WBP_PauseMenu.uasset" 17
"D:/proj/UE/GoRogue/Content/Characters/BP_PlayerController.uasset" 18
"../../../Engine/Content/EditorBlueprintResources/StandardMacros.uasset" 19
"D:/proj/UE/GoRogue/Content/ExampleContent/UI/Texture/T_UI_Icon_Settings01.uasset" 20
"D:/proj/UE/GoRogue/Content/AssetLibrary/Materials/M_BuffIcon.uasset" 21
"D:/proj/UE/GoRogue/Content/ExampleContent/UI/Texture/T_UI_ButtonGlow01.uasset" 22
"D:/proj/UE/GoRogue/Content/UI/WBP_EffectSlot.uasset" 23
"D:/proj/UE/GoRogue/Content/UI/WBP_EffectContainer.uasset" 24
"D:/proj/UE/GoRogue/Content/UI/WBP_MinionHealthBar.uasset" 25
"D:/proj/UE/GoRogue/Content/ExampleContent/UI/Texture/T_UI_Border_01.uasset" 26
"D:/proj/UE/GoRogue/Content/UI/WBP_DefaultIteraction.uasset" 27
"D:/proj/UE/GoRogue/Content/ParagonGideon/Characters/Heroes/Gideon/Meshes/Gideon_SkeletonRig.uasset" 28
"D:/proj/UE/GoRogue/Content/ParagonGideon/Characters/Heroes/Gideon/Meshes/Gideon_Skeleton.uasset" 29
"D:/proj/UE/GoRogue/Content/ParagonGideon/Characters/Heroes/Gideon/Meshes/Gideon_PhysicsAsset.uasset" 30
"D:/proj/UE/GoRogue/Content/ParagonGideon/FX/Textures/Masks/T_TankMoteNoise.uasset" 31
"D:/proj/UE/GoRogue/Content/ExampleContent/Materials/M_CharacterSimple.uasset" 32
"D:/proj/UE/GoRogue/Content/ExampleContent/Materials/MI_CharacterSimple_Inst.uasset" 33
"D:/proj/UE/GoRogue/Content/ParagonGideon/Characters/Heroes/Gideon/Meshes/Gideon.uasset" 34
"D:/proj/UE/GoRogue/Content/microGAS/Actions/BP_Action_Sprint.uasset" 35
"D:/proj/UE/GoRogue/Content/ExampleContent/Audio/AudioClasses/SC_UI.uasset" 36
"D:/proj/UE/GoRogue/Content/ExampleContent/Audio/AudioClasses/SM_Enemies.uasset" 37
"D:/proj/UE/GoRogue/Content/ExampleContent/Audio/AudioClasses/SC_Enemy.uasset" 38
"D:/proj/UE/GoRogue/Content/ExampleContent/Audio/AudioClasses/SC_Weapons.uasset" 39
"D:/proj/UE/GoRogue/Content/ExampleContent/Audio/AudioClasses/SM_Items.uasset" 40
"D:/proj/UE/GoRogue/Content/ExampleContent/Audio/AudioClasses/SC_Items.uasset" 41
"D:/proj/UE/GoRogue/Content/ExampleContent/Audio/AudioClasses/SC_Hero.uasset" 42
"D:/proj/UE/GoRogue/Content/ExampleContent/Audio/AudioClasses/SC_Player.uasset" 43
"D:/proj/UE/GoRogue/Content/ExampleContent/Audio/AudioClasses/SC_SFX.uasset" 44
"D:/proj/UE/GoRogue/Content/ExampleContent/Audio/AudioClasses/SM_Mixer.uasset" 45
"D:/proj/UE/GoRogue/Content/ExampleContent/Audio/AudioClasses/SC_RPG_Master.uasset" 46
"D:/proj/UE/GoRogue/Content/ExampleContent/Audio/AudioClasses/SC_Music.uasset" 47
"D:/proj/UE/GoRogue/Content/ExampleContent/Audio/AudioClasses/SM_Abilities.uasset" 48
"D:/proj/UE/GoRogue/Content/ExampleContent/Audio/AudioClasses/SM_Slomo.uasset" 49
"D:/proj/UE/GoRogue/Content/ExampleContent/Audio/AudioClasses/SC_Slomo.uasset" 50
"D:/proj/UE/GoRogue/Content/ExampleContent/Audio/AudioClasses/SC_Abilities.uasset" 51
"D:/proj/UE/GoRogue/Content/ExampleContent/Audio/Abilities/A_Ability_MeteorImpact02.uasset" 52
"D:/proj/UE/GoRogue/Content/AssetLibrary/Sound/SA_MagicProjectile.uasset" 53
"D:/proj/UE/GoRogue/Content/ExampleContent/Audio/Abilities/A_Ability_MeteorImpact01.uasset" 54
"D:/proj/UE/GoRogue/Content/AssetLibrary/Sound/SC_MagicProjectile_Impact.uasset" 55
"../../../Engine/Content/Functions/Engine_MaterialFunctions02/Utility/VectorLength.uasset" 56
"../../../Engine/Content/Functions/Engine_MaterialFunctions02/Utility/BreakOutFloat3Components.uasset" 57
"../../../Engine/Content/Functions/Engine_MaterialFunctions02/Utility/BlendAngleCorrectedNormals.uasset" 58
"../../../Engine/Content/Functions/Engine_MaterialFunctions02/TangentBasis.uasset" 59
"../../../Engine/Content/Functions/Engine_MaterialFunctions02/Math/Transform3x3Matrix.uasset" 60
"../../../Engine/Content/Functions/Engine_MaterialFunctions02/SafeNormalize.uasset" 61
"../../../Engine/Content/Functions/Engine_MaterialFunctions02/Math/CreateThirdOrthogonalVector.uasset" 62
"../../../Engine/Content/Functions/Engine_MaterialFunctions01/WorldPositionOffset/SplineThicken.uasset" 63
"D:/proj/UE/GoRogue/Content/ParagonGideon/FX/Textures/trails/T_Trail_Mask.uasset" 64
"D:/proj/UE/GoRogue/Content/ParagonGideon/FX/Textures/trails/T_Smoke_Trail_Soft.uasset" 65
"D:/proj/UE/GoRogue/Content/ParagonGideon/FX/Textures/trails/T_Silky_Smoke_Trail.uasset" 66
"D:/proj/UE/GoRogue/Content/ParagonGideon/FX/Textures/Tile/Noise/T_Soft_Noise.uasset" 67
"../../../Engine/Content/Functions/Engine_MaterialFunctions01/Opacity/CameraDepthFade.uasset" 68
"D:/proj/UE/GoRogue/Content/ParagonGideon/FX/Materials/Functions/MF_FX_NearCameraFade.uasset" 69
"D:/proj/UE/GoRogue/Content/ParagonGideon/FX/Materials/Functions/MF_FX_EmissiveModulate.uasset" 70
"D:/proj/UE/GoRogue/Content/ParagonGideon/FX/Materials/Heroes/Gideon/M_Wisp_SplineThicken_Small.uasset" 71
"D:/proj/UE/GoRogue/Content/ParagonGideon/FX/Meshes/Heroes/Gideon/SM_Spline_X_Aligned.uasset" 72
"D:/proj/UE/GoRogue/Content/ParagonGideon/FX/Materials/Heroes/Gideon/M_Wispy_Smoke_Trail_Projectile.uasset" 73
"D:/proj/UE/GoRogue/Content/ParagonGideon/FX/Materials/Functions/MF_ParticleShrinkDistance.uasset" 74
"D:/proj/UE/GoRogue/Content/ParagonGideon/FX/Materials/Flares/M_GlowPoint_DistShrink_MASTER.uasset" 75
"D:/proj/UE/GoRogue/Content/ParagonGideon/FX/Particles/Gideon/Abilities/Primary/FX/P_Gideon_Primary_Projectile.uasset" 76
"D:/proj/UE/GoRogue/Content/ParagonGideon/FX/VectorFields/VF_F60.uasset" 77
"D:/proj/UE/GoRogue/Content/ParagonGideon/FX/Textures/Sparks/T_Spark_Soft.uasset" 78
"D:/proj/UE/GoRogue/Content/ParagonGideon/FX/Materials/Sparks/M_Soft_Spark_Glow.uasset" 79
"../../../Engine/Content/Functions/Engine_MaterialFunctions01/ImageAdjustment/DeriveHDRfromLDR.uasset" 80
"D:/proj/UE/GoRogue/Content/ParagonGideon/FX/Materials/Sparks/M_Hotdog_Spark_VLerp_MASTER.uasset" 81
"D:/proj/UE/GoRogue/Content/ParagonGideon/FX/Textures/Energy/Plasma/T_Inky_Smoke.uasset" 82
"D:/proj/UE/GoRogue/Content/ParagonGideon/FX/Textures/Tile/Noise/T_Inky_Smoke_Tile.uasset" 83
"../../../Engine/Content/Functions/Engine_MaterialFunctions02/Utility/DebugTimeSine.uasset" 84
"D:/proj/UE/GoRogue/Content/ParagonGideon/FX/Materials/Smoke/M_Inky_Smoke_Burst.uasset" 85
"D:/proj/UE/GoRogue/Content/ParagonGideon/FX/Textures/Smoke/T_FluidSmoke_04_Depth.uasset" 86
"D:/proj/UE/GoRogue/Content/ParagonGideon/FX/Textures/Smoke/T_FluidSmoke_04.uasset" 87
"D:/proj/UE/GoRogue/Content/ParagonGideon/FX/Textures/Smoke/T_TilingClouds_01.uasset" 88
"D:/proj/UE/GoRogue/Content/ParagonGideon/FX/Materials/Functions/MF_CameraDistanceFade.uasset" 89
"D:/proj/UE/GoRogue/Content/ParagonGideon/FX/Materials/Heroes/Gideon/M_Explosion_Smoke_Spears.uasset" 90
"D:/proj/UE/GoRogue/Content/ParagonGideon/FX/Textures/Sparks/T_StretchSpark_01.uasset" 91
"D:/proj/UE/GoRogue/Content/ParagonGideon/FX/Textures/Flares/T_Glow_Sphere_Soft.uasset" 92
"D:/proj/UE/GoRogue/Content/ParagonGideon/FX/Materials/Heroes/M_Spark_VelocityLerp_TeamColor.uasset" 93
"D:/proj/UE/GoRogue/Content/ParagonGideon/FX/Materials/Heroes/M_Spark_VelocityLerp_Pellets_Inst.uasset" 94
"D:/proj/UE/GoRogue/Content/ParagonGideon/FX/Textures/NormalShapes/T_Radial_Refraction_Blur_N.uasset" 95
"D:/proj/UE/GoRogue/Content/ParagonGideon/FX/Textures/Masks/T_Radial_Burst.uasset" 96
"../../../Engine/Content/Functions/Engine_MaterialFunctions02/Texturing/ScreenAlignedPixelToPixelUVs.uasset" 97
"../../../Engine/Content/EngineMaterials/Good64x64TilingNoiseHighFreq.uasset" 98
"../../../Engine/Content/Functions/Engine_MaterialFunctions02/Utility/DitherTemporalAA.uasset" 99
"D:/proj/UE/GoRogue/Content/ParagonGideon/FX/Materials/Functions/MF_DitheredRefraction.uasset" 100
"D:/proj/UE/GoRogue/Content/ParagonGideon/FX/Textures/Flares/T_Flare_Spikeball.uasset" 101
"D:/proj/UE/GoRogue/Content/ParagonGideon/FX/Materials/Heroes/M_Radial_Blur_Refraction.uasset" 102
"D:/proj/UE/GoRogue/Content/ParagonGideon/FX/Materials/MaterialFunctions/MF_Eleven_Colors.uasset" 103
"D:/proj/UE/GoRogue/Content/ParagonGideon/FX/Materials/Flares/M_Lensflare_TB_Soft_LDR2HDR.uasset" 104
"D:/proj/UE/GoRogue/Content/ParagonGideon/FX/Materials/Flares/M_DarkFlare_DistShrink.uasset" 105
"D:/proj/UE/GoRogue/Content/ParagonGideon/FX/Textures/Debris/T_Concrete_ChunkSubUV_D.uasset" 106
"D:/proj/UE/GoRogue/Content/ParagonGideon/FX/Textures/Debris/T_Concrete_ChunkSubUV_N_TGA.uasset" 107
"D:/proj/UE/GoRogue/Content/ParagonGideon/FX/Materials/Debris/M_Explosion_RockChunks.uasset" 108
"D:/proj/UE/GoRogue/Content/ParagonGideon/FX/Particles/Gideon/Abilities/Primary/FX/P_Gideon_Primary_HitWorld.uasset" 109
"D:/proj/UE/GoRogue/Content/ExampleContent/UI/Texture/T_UI_Skill_Combust01.uasset" 110
"D:/proj/UE/GoRogue/Content/microGAS/Effects/AE_Burning_BP.uasset" 111
"D:/proj/UE/GoRogue/Content/ExampleContent/CameraShake/CamShake_TakeDamage.uasset" 112
"D:/proj/UE/GoRogue/Content/Weapon/BP_GRMagicProjectile.uasset" 113
"../../../Engine/Content/EngineMaterials/T_Default_Material_Grid_M.uasset" 114
"../../../Engine/Content/EngineMaterials/T_Default_Material_Grid_N.uasset" 115
"../../../Engine/Content/EngineMaterials/WorldGridMaterial.uasset" 116
"D:/proj/UE/GoRogue/Content/ParagonGideon/FX/Meshes/Heroes/SM_swirls_polySurface3.uasset" 117
"D:/proj/UE/GoRogue/Content/ParagonGideon/FX/Textures/Energy/T_ElectricalBolt_3.uasset" 118
"D:/proj/UE/GoRogue/Content/ParagonGideon/FX/Materials/Energy/Plasma/M_Swirl_Plasma.uasset" 119
"D:/proj/UE/GoRogue/Content/ParagonGideon/FX/Particles/Gideon/Abilities/Primary/FX/P_Gideon_Primary_MuzzleFlash.uasset" 120
"D:/proj/UE/GoRogue/Content/ParagonGideon/Characters/Heroes/Gideon/Animations/Primary_Attack_A_Medium.uasset" 121
"D:/proj/UE/GoRogue/Content/ParagonGideon/Characters/Heroes/Gideon/Animations/Primary_Attack_A_Medium_Montage.uasset" 122
"D:/proj/UE/GoRogue/Content/microGAS/Actions/BP_Action_MagicProjectile.uasset" 123
"D:/proj/UE/GoRogue/Content/ParagonGideon/FX/Meshes/Heroes/SM_Impact_Warp.uasset" 124
"D:/proj/UE/GoRogue/Content/ParagonGideon/FX/Textures/Energy/Plasma/T_EnergyPlasma_Tile_H_01.uasset" 125
"../../../Engine/Content/Functions/Engine_MaterialFunctions01/WorldPositionOffset/SimpleGrassWind.uasset" 126
"D:/proj/UE/GoRogue/Content/ParagonGideon/FX/Textures/Gradients/Masks/T_Portal_Gradient_M.uasset" 127
"D:/proj/UE/GoRogue/Content/ParagonGideon/FX/Materials/Functions/MF_FadeBasedOnViewAngle.uasset" 128
"D:/proj/UE/GoRogue/Content/ParagonGideon/FX/Materials/Heroes/Gideon/M_Portal_Open_Burst.uasset" 129
"D:/proj/UE/GoRogue/Content/ParagonGideon/FX/Particles/Gideon/Abilities/Portal/FX/P_Portal_Teleport_Exit.uasset" 130
"D:/proj/UE/GoRogue/Content/ParagonGideon/FX/Textures/NormalShapes/T_Refraction_Depression_N.uasset" 131
"D:/proj/UE/GoRogue/Content/ParagonGideon/FX/Materials/Heroes/M_Teleport_Refraction.uasset" 132
"D:/proj/UE/GoRogue/Content/ParagonGideon/FX/Particles/Gideon/Abilities/Portal/FX/P_Portal_Teleport_Enter.uasset" 133
"D:/proj/UE/GoRogue/Content/Weapon/BP_GRDash.uasset" 134
"D:/proj/UE/GoRogue/Content/microGAS/Actions/BP_Action_Dash.uasset" 135
"D:/proj/UE/GoRogue/Content/ParagonGideon/FX/VectorFields/Vortex/VF_Vortex_6.uasset" 136
"../../../Engine/Content/EngineMaterials/OrientParticle.uasset" 137
"../../../Engine/Content/EngineMaterials/DefaultParticle.uasset" 138
"D:/proj/UE/GoRogue/Content/ParagonGideon/FX/Textures/Masks/T_Smooth_Gradient_Vertical_A.uasset" 139
"D:/proj/UE/GoRogue/Content/ParagonGideon/FX/Textures/Gradients/Color/T_Portal_Gradient_02_D.uasset" 140
"D:/proj/UE/GoRogue/Content/ParagonGideon/FX/Materials/Heroes/Gideon/M_BlackHole_Rim.uasset" 141
"D:/proj/UE/GoRogue/Content/ParagonGideon/FX/Textures/Tile/Patterns/T_Surface_Erosion_M.uasset" 142
"D:/proj/UE/GoRogue/Content/ParagonGideon/FX/Textures/Misc/T_Portal_Space_D.uasset" 143
"../../../Engine/Content/Functions/Engine_MaterialFunctions01/ImageAdjustment/SCurve.uasset" 144
"../../../Engine/Content/MapTemplates/TilingNoise05.uasset" 145
"../../../Engine/Content/Functions/Engine_MaterialFunctions01/Texturing/TriplanarCameraVector.uasset" 146
"D:/proj/UE/GoRogue/Content/ParagonGideon/FX/Materials/Heroes/Gideon/M_BlackHole_Mesh.uasset" 147
"D:/proj/UE/GoRogue/Content/ParagonGideon/FX/Meshes/Heroes/Gideon/SM_Black_Hole_Main.uasset" 148
"D:/proj/UE/GoRogue/Content/ParagonGideon/FX/Meshes/Heroes/Gideon/SM_BigPortal_Torus.uasset" 149
"D:/proj/UE/GoRogue/Content/ParagonGideon/FX/Meshes/Heroes/Gideon/SM_Black_Hole_Vortex.uasset" 150
"D:/proj/UE/GoRogue/Content/ParagonGideon/FX/Textures/Tile/Noise/T_Wind_Blur.uasset" 151
"D:/proj/UE/GoRogue/Content/ParagonGideon/FX/Materials/Heroes/Gideon/M_BlackHole_Vortex.uasset" 152
"D:/proj/UE/GoRogue/Content/ParagonGideon/FX/Textures/Masks/T_Portal_SpaceMask_M.uasset" 153
"D:/proj/UE/GoRogue/Content/ParagonGideon/FX/Materials/Heroes/Gideon/M_BlackHole_Sprite.uasset" 154
"D:/proj/UE/GoRogue/Content/ParagonGideon/FX/Materials/MaterialFunctions/ParameterCollections/OrionGlobalArtCollection.uasset" 155
"../../../Engine/Content/Functions/Engine_MaterialFunctions02/Utility/Sign.uasset" 156
"../../../Engine/Content/Functions/Engine_MaterialFunctions02/Utility/Round.uasset" 157
"../../../Engine/Content/Functions/Engine_MaterialFunctions02/Utility/BreakOutFloat2Components.uasset" 158
"D:/proj/UE/GoRogue/Content/ParagonGideon/FX/Materials/Functions/MF_RandomSubUV_GPUSprites.uasset" 159
"D:/proj/UE/GoRogue/Content/ParagonGideon/FX/Materials/Heroes/Gideon/M_BlackHole_Pebbles.uasset" 160
"D:/proj/UE/GoRogue/Content/ParagonGideon/FX/Textures/Tile/Smoke/T_TilingClouds_01_N.uasset" 161
"D:/proj/UE/GoRogue/Content/ParagonGideon/FX/Materials/Heroes/Gideon/M_BlackHole_OuterSmoke.uasset" 162
"D:/proj/UE/GoRogue/Content/ParagonGideon/FX/Meshes/Heroes/Gideon/SM_Black_Hole_Rim.uasset" 163
"D:/proj/UE/GoRogue/Content/ParagonGideon/FX/Textures/Flares/T_FlareWide_04.uasset" 164
"D:/proj/UE/GoRogue/Content/ParagonGideon/FX/Textures/Explosions/T_FireBall_07D_N.uasset" 165
"D:/proj/UE/GoRogue/Content/ParagonGideon/FX/Textures/Explosions/T_FireBall_07D_Depth.uasset" 166
"D:/proj/UE/GoRogue/Content/ParagonGideon/FX/Materials/Heroes/Gideon/M_BlackHole_Dust.uasset" 167
"D:/proj/UE/GoRogue/Content/ParagonGideon/FX/Textures/Flares/Org_A/T_LDR_Flare01.uasset" 168
"../../../Engine/Content/Functions/Engine_MaterialFunctions02/TransformToClipSpace.uasset" 169
"D:/proj/UE/GoRogue/Content/ParagonGideon/FX/Materials/Functions/LensFlare/MF_LensFlareClipSpaceTransform.uasset" 170
"D:/proj/UE/GoRogue/Content/ParagonGideon/FX/Materials/Functions/LensFlare/MF_LensFlareOcclusionSample.uasset" 171
"D:/proj/UE/GoRogue/Content/ParagonGideon/FX/Materials/Functions/LensFlare/MF_LensFlareOcclusionSample8.uasset" 172
"../../../Engine/Content/Functions/Engine_MaterialFunctions02/WorldPositionOffset/ComponentPivotLocation.uasset" 173
"../../../Engine/Content/Functions/Engine_MaterialFunctions02/WorldPositionOffset/Sprite.uasset" 174
"../../../Engine/Content/Functions/Engine_MaterialFunctions02/Utility/VectorToRadialValue.uasset" 175
"../../../Engine/Content/Functions/Engine_MaterialFunctions02/Utility/CameraDirectionVector.uasset" 176
"../../../Engine/Content/Functions/Engine_MaterialFunctions02/Texturing/CustomRotator.uasset" 177
"D:/proj/UE/GoRogue/Content/ParagonGideon/FX/Materials/Functions/LensFlare/MF_LensFlare.uasset" 178
"../../../Engine/Content/Functions/Engine_MaterialFunctions01/Texturing/ScaleUVsByCenter.uasset" 179
"D:/proj/UE/GoRogue/Content/ParagonGideon/FX/Materials/Flares/M_LensFlareMaster.uasset" 180
"D:/proj/UE/GoRogue/Content/ParagonGideon/FX/Materials/Flares/M_LensFlare_Particle.uasset" 181
"D:/proj/UE/GoRogue/Content/ParagonGideon/FX/Materials/Flares/M_LensFlare_Particle_01.uasset" 182
"D:/proj/UE/GoRogue/Content/ParagonGideon/FX/Materials/Flares/M_LensFlare_Particle_Pink_Flicker.uasset" 183
"D:/proj/UE/GoRogue/Content/ParagonGideon/FX/Particles/Gideon/Abilities/Ultimate/FX/P_Gideon_Ultimate.uasset" 184
"D:/proj/UE/GoRogue/Content/ExampleContent/Effects/Textures/T_SmokeSubUV_8X8.uasset" 185
"D:/proj/UE/GoRogue/Content/ExampleContent/Effects/Textures/T_Smoke_Tiled_D.uasset" 186
"D:/proj/UE/GoRogue/Content/ExampleContent/Effects/Materials/M_smoke_subUV.uasset" 187
"../../../Engine/Content/Functions/Engine_MaterialFunctions01/Gradient/RadialGradient.uasset" 188
"D:/proj/UE/GoRogue/Content/ExampleContent/Effects/Materials/M_radial_ramp.uasset" 189
"D:/proj/UE/GoRogue/Content/ExampleContent/Effects/Materials/m_flare_01.uasset" 190
"D:/proj/UE/GoRogue/Content/ExampleContent/Effects/Textures/T_Explosion_SubUV.uasset" 191
"D:/proj/UE/GoRogue/Content/ExampleContent/Effects/Materials/M_explosion_subUV.uasset" 192
"D:/proj/UE/GoRogue/Content/ExampleContent/Effects/Textures/T_Burst_M.uasset" 193
"D:/proj/UE/GoRogue/Content/ExampleContent/Effects/Materials/M_Burst.uasset" 194
"D:/proj/UE/GoRogue/Content/ExampleContent/Effects/P_Explosion.uasset" 195
"D:/proj/UE/GoRogue/Content/Weapon/BP_GRBlackHole.uasset" 196
"D:/proj/UE/GoRogue/Content/microGAS/Actions/BP_Action_BlackHole.uasset" 197
"../../../Engine/Content/Animation/DefaultAnimBoneCompressionSettings.uasset" 198
"D:/proj/UE/GoRogue/Content/ParagonGideon/Characters/Heroes/Gideon/Animations/TravelMode_Hover_Fwd.uasset" 199
"D:/proj/UE/GoRogue/Content/ParagonGideon/Characters/Heroes/Gideon/Animations/TravelMode_Hover_Idle.uasset" 200
"D:/proj/UE/GoRogue/Content/Characters/Sprinting_BS_1D.uasset" 201
"D:/proj/UE/GoRogue/Content/ParagonGideon/Characters/Heroes/Gideon/Animations/Jog_Uphill_Fwd.uasset" 202
"D:/proj/UE/GoRogue/Content/ParagonGideon/Characters/Heroes/Gideon/Animations/Jog_Fwd_Circle_Right.uasset" 203
"D:/proj/UE/GoRogue/Content/ParagonGideon/Characters/Heroes/Gideon/Animations/Jog_Fwd_Circle_Left.uasset" 204
"D:/proj/UE/GoRogue/Content/ParagonGideon/Characters/Heroes/Gideon/Animations/Jog_Fwd.uasset" 205
"D:/proj/UE/GoRogue/Content/ParagonGideon/Characters/Heroes/Gideon/Animations/Jog_Downhill_Fwd.uasset" 206
"D:/proj/UE/GoRogue/Content/ParagonGideon/Characters/Heroes/Gideon/Animations/Blendspaces/JogFwdSlopeLean.uasset" 207
"D:/proj/UE/GoRogue/Content/ParagonGideon/Characters/Heroes/Gideon/Animations/Stun_Start.uasset" 208
"D:/proj/UE/GoRogue/Content/ParagonGideon/Characters/Heroes/Gideon/Animations/Stun_Loop.uasset" 209
"D:/proj/UE/GoRogue/Content/ParagonGideon/Characters/Heroes/Gideon/Animations/Stun_End.uasset" 210
"D:/proj/UE/GoRogue/Content/ParagonGideon/Characters/Heroes/Gideon/Animations/Jump_In_Place_Start.uasset" 211
"D:/proj/UE/GoRogue/Content/ParagonGideon/Characters/Heroes/Gideon/Animations/Idle.uasset" 212
"D:/proj/UE/GoRogue/Content/ParagonGideon/Characters/Heroes/Gideon/Animations/Jump_In_Place_Recover.uasset" 213
"D:/proj/UE/GoRogue/Content/ParagonGideon/Characters/Heroes/Gideon/Animations/Jump_In_Place_Land.uasset" 214
"D:/proj/UE/GoRogue/Content/ParagonGideon/Characters/Heroes/Gideon/Animations/Jump_In_Place_Apex.uasset" 215
"D:/proj/UE/GoRogue/Content/ParagonGideon/Characters/Heroes/Gideon/Animations/Jog_Fwd_Stop.uasset" 216
"D:/proj/UE/GoRogue/Content/ParagonGideon/Characters/Heroes/Gideon/Animations/Jog_Fwd_Start.uasset" 217
"D:/proj/UE/GoRogue/Content/ParagonGideon/Characters/Heroes/Gideon/Animations/Death_Back.uasset" 218
"D:/proj/UE/GoRogue/Content/ParagonGideon/Characters/Heroes/Gideon/Animations/AimOffsets/AO_CC.uasset" 219
"D:/proj/UE/GoRogue/Content/ParagonGideon/Characters/Heroes/Gideon/Animations/AimOffsets/AO_LD.uasset" 220
"D:/proj/UE/GoRogue/Content/ParagonGideon/Characters/Heroes/Gideon/Animations/AimOffsets/AO_LC.uasset" 221
"D:/proj/UE/GoRogue/Content/ParagonGideon/Characters/Heroes/Gideon/Animations/AimOffsets/AO_CU.uasset" 222
"D:/proj/UE/GoRogue/Content/ParagonGideon/Characters/Heroes/Gideon/Animations/AimOffsets/AO_CD.uasset" 223
"D:/proj/UE/GoRogue/Content/ParagonGideon/Characters/Heroes/Gideon/Animations/AimOffsets/AO_RU.uasset" 224
"D:/proj/UE/GoRogue/Content/ParagonGideon/Characters/Heroes/Gideon/Animations/AimOffsets/AO_RD.uasset" 225
"D:/proj/UE/GoRogue/Content/ParagonGideon/Characters/Heroes/Gideon/Animations/AimOffsets/AO_RC.uasset" 226
"D:/proj/UE/GoRogue/Content/ParagonGideon/Characters/Heroes/Gideon/Animations/AimOffsets/AO_LU.uasset" 227
"D:/proj/UE/GoRogue/Content/ParagonGideon/Characters/Heroes/Gideon/Animations/AimOffsets/AO_Blendspace.uasset" 228
"D:/proj/UE/GoRogue/Content/ParagonGideon/Characters/Heroes/Gideon/Gideon_AnimBlueprint.uasset" 229
"D:/proj/UE/GoRogue/Content/Characters/BP_CharacterPlayer.uasset" 230
"D:/proj/UE/GoRogue/Content/AI/EQC_AllPlayers.uasset" 231
"D:/proj/UE/GoRogue/Content/AI/EQ_FindBotSpawn.uasset" 232
"D:/proj/UE/GoRogue/Content/AI/EQC_PlayerStarts.uasset" 233
"D:/proj/UE/GoRogue/Content/AI/EQ_FindPowerupSpawn.uasset" 234
"D:/proj/UE/GoRogue/Content/Characters/AI/DT_Monsters.uasset" 235
"D:/proj/UE/GoRogue/Content/Curves/CF_Difficulty.uasset" 236
"D:/proj/UE/GoRogue/Content/ExampleContent/Materials/T_UnrealEngineDecal.uasset" 237
"D:/proj/UE/GoRogue/Content/ExampleContent/Materials/M_Pickup_Coin.uasset" 238
"D:/proj/UE/GoRogue/Content/ExampleContent/Meshes/SM_Pickup_Coin.uasset" 239
"D:/proj/UE/GoRogue/Content/Environment/BP_Credits.uasset" 240
"D:/proj/UE/GoRogue/Content/GameModes/BP_GRGameModeBase.uasset" 241
"../../../Engine/Content/Animation/DefaultAnimCurveCompressionSettings.uasset" 242
"../../../Engine/Content/ArtTools/RenderToTexture/Meshes/S_1_Unit_Plane.uasset" 243
"../../../Engine/Content/EngineMaterials/DefaultMaterial.uasset" 244
"../../../Engine/Content/BasicShapes/Cone.uasset" 245
"../../../Engine/Content/BasicShapes/Plane.uasset" 246
"../../../Engine/Content/EditorLandscapeResources/DataLayer.uasset" 247
"../../../Engine/Content/EditorLandscapeResources/DefaultAlphaTexture.uasset" 248
"../../../Engine/Content/EditorMaterials/MAT_Groups_Toggle.uasset" 249
"../../../Engine/Content/EditorMaterials/MAT_Groups_Visibility.uasset" 250
"../../../Engine/Content/EditorMaterials/PreviewShadowIndicator.uasset" 251
"../../../Engine/Content/EditorMaterials/PreviewShadowIndicatorMaterial.uasset" 252
"../../../Engine/Content/EditorMaterials/MatineeGroups/MAT_ColorTrack.uasset" 253
"../../../Engine/Content/EditorMaterials/MatineeGroups/MAT_Groups_Anim.uasset" 254
"../../../Engine/Content/EditorMaterials/MatineeGroups/MAT_Groups_AudioMaster.uasset" 255
"../../../Engine/Content/EditorMaterials/MatineeGroups/MAT_Groups_Director.uasset" 256
"../../../Engine/Content/EditorMaterials/MatineeGroups/MAT_Groups_Event.uasset" 257
"../../../Engine/Content/EditorMaterials/MatineeGroups/MAT_Groups_Fade.uasset" 258
"../../../Engine/Content/EditorMaterials/MatineeGroups/MAT_Groups_Float.uasset" 259
"../../../Engine/Content/EditorMaterials/MatineeGroups/MAT_Groups_Move.uasset" 260
"../../../Engine/Content/EditorMaterials/MatineeGroups/MAT_Groups_Slomo.uasset" 261
"../../../Engine/Content/EditorMaterials/MatineeGroups/MAT_Groups_Sound.uasset" 262
"../../../Engine/Content/EditorMaterials/MatineeGroups/MAT_Groups_Vector.uasset" 263
"../../../Engine/Content/EditorMaterials/ParticleSystems/PSysThumbnail_NoImage.uasset" 264
"../../../Engine/Content/EditorMaterials/ParticleSystems/PSysThumbnail_OOD.uasset" 265
"../../../Engine/Content/EditorMaterials/Camera/CineMat.uasset" 266
"../../../Engine/Content/EditorMaterials/Camera/MI_CineMat_Rig.uasset" 267
"../../../Engine/Content/EditorMeshes/Camera/SM_CraneRig_Arm.uasset" 268
"../../../Engine/Content/EditorMeshes/Camera/SM_CraneRig_Base.uasset" 269
"../../../Engine/Content/EditorMeshes/Camera/SM_CraneRig_Body.uasset" 270
"../../../Engine/Content/EditorMeshes/Camera/SM_CraneRig_Mount.uasset" 271
"../../../Engine/Content/EditorMeshes/Camera/SM_RailRig_Mount.uasset" 272
"../../../Engine/Content/EditorMeshes/Camera/SM_RailRig_Track.uasset" 273
"../../../Engine/Content/EditorResources/BSPVertex.uasset" 274
"../../../Engine/Content/EditorResources/EmptyActor.uasset" 275
"../../../Engine/Content/EditorResources/S_Actor.uasset" 276
"../../../Engine/Content/EditorResources/S_Note.uasset" 277
"../../../Engine/Content/EditorResources/S_Solver.uasset" 278
"../../../Engine/Content/EditorResources/S_Terrain.uasset" 279
"../../../Engine/Content/EditorResources/S_Trigger.uasset" 280
"../../../Engine/Content/EditorResources/LightIcons/S_LightError.uasset" 281
"../../../Engine/Content/EditorResources/SequenceRecorder/Countdown.uasset" 282
"../../../Engine/Content/EditorResources/SequenceRecorder/RecordingIndicator.uasset" 283
"../../../Engine/Content/EngineDamageTypes/DmgTypeBP_Environmental.uasset" 284
"../../../Engine/Content/EngineDebugMaterials/DebugEditorMaterial.uasset" 285
"../../../Engine/Content/EngineDebugMaterials/DebugMeshMaterial.uasset" 286
"../../../Engine/Content/EngineDebugMaterials/M_SimpleUnlitTranslucent.uasset" 287
"../../../Engine/Content/EngineDebugMaterials/VolumeToRender.uasset" 288
"../../../Engine/Content/EngineDebugMaterials/M_VolumeRenderSphereTracePP.uasset" 289
"../../../Engine/Content/Functions/Engine_MaterialFunctions01/Shading/ConvertFromDiffSpec.uasset" 290
"../../../Engine/Content/EngineDebugMaterials/VertexColorMaterial.uasset" 291
"../../../Engine/Content/EngineDebugMaterials/WireframeMaterial.uasset" 292
"../../../Engine/Content/EngineFonts/Faces/RobotoLight.uasset" 293
"../../../Engine/Content/EngineFonts/Faces/RobotoItalic.uasset" 294
"../../../Engine/Content/EngineFonts/Faces/RobotoBoldItalic.uasset" 295
"../../../Engine/Content/EngineFonts/Faces/RobotoBold.uasset" 296
"../../../Engine/Content/EngineFonts/Faces/DroidSansFallback.uasset" 297
"../../../Engine/Content/EngineFonts/Faces/RobotoRegular.uasset" 298
"../../../Engine/Content/EngineFonts/Roboto.uasset" 299
"../../../Engine/Content/EngineMaterials/BaseFlattenNormalMap.uasset" 300
"../../../Engine/Content/EngineMaterials/BaseFlattenGrayscaleMap.uasset" 301
"../../../Engine/Content/EngineMaterials/BaseFlattenEmissiveMap.uasset" 302
"../../../Engine/Content/EngineMaterials/BaseFlattenDiffuseMap.uasset" 303
"../../../Engine/Content/EngineMaterials/BaseFlattenMaterial.uasset" 304
"../../../Engine/Content/EngineMaterials/BlueNoise.uasset" 305
"../../../Engine/Content/EngineMaterials/DefaultBloomKernel.uasset" 306
"../../../Engine/Content/EngineMaterials/DefaultBokeh.uasset" 307
"../../../Engine/Content/EngineMaterials/DefaultDiffuse.uasset" 308
"../../../Engine/Content/EngineMaterials/DefaultDeferredDecalMaterial.uasset" 309
"../../../Engine/Content/EngineMaterials/DefaultLightFunctionMaterial.uasset" 310
"../../../Engine/Content/EngineMaterials/DefaultPhysicalMaterial.uasset" 311
"../../../Engine/Content/EngineMaterials/DefaultPostProcessMaterial.uasset" 312
"../../../Engine/Content/EngineFonts/RobotoDistanceField.uasset" 313
"../../../Engine/Content/EngineMaterials/DefaultTextMaterialOpaque.uasset" 314
"../../../Engine/Content/EngineMaterials/DefaultWhiteGrid.uasset" 315
"../../../Engine/Content/EngineMaterials/DefaultWhiteGrid_Low.uasset" 316
"../../../Engine/Content/EngineMaterials/EmissiveMeshMaterial.uasset" 317
"../../../Engine/Content/EngineMaterials/GizmoMaterial.uasset" 318
"../../../Engine/Content/EngineMaterials/MiniFont.uasset" 319
"../../../Engine/Content/EngineMaterials/InvalidLightmapSettings.uasset" 320
"../../../Engine/Content/EngineMaterials/M_InvalidLightmapSettings.uasset" 321
"../../../Engine/Content/Functions/Engine_MaterialFunctions02/WorldPositionOffset/CameraOffset.uasset" 322
"../../../Engine/Content/EngineMaterials/PhAT_JointLimitMaterial.uasset" 323
"../../../Engine/Content/EngineMaterials/PreintegratedSkinBRDF.uasset" 324
"../../../Engine/Content/EngineMaterials/RemoveSurfaceMaterial.uasset" 325
"../../../Engine/Content/EngineMaterials/WeightMapPlaceholderTexture.uasset" 326
"../../../Engine/Content/EngineResources/WhiteSquareTexture.uasset" 327
"../../../Engine/Content/EngineMaterials/Widget3DPassThrough.uasset" 328
"../../../Engine/Content/EngineMaterials/Widget3DPassThrough_Masked.uasset" 329
"../../../Engine/Content/EngineMaterials/Widget3DPassThrough_Opaque.uasset" 330
"../../../Engine/Content/EngineMaterials/Widget3DPassThrough_Masked_OneSided.uasset" 331
"../../../Engine/Content/EngineMaterials/Widget3DPassThrough_Opaque_OneSided.uasset" 332
"../../../Engine/Content/EngineMaterials/Widget3DPassThrough_Translucent.uasset" 333
"../../../Engine/Content/EngineMaterials/Widget3DPassThrough_Translucent_OneSided.uasset" 334
"../../../Engine/Content/EngineMeshes/Cylinder.uasset" 335
"../../../Engine/Content/EngineMeshes/Sphere.uasset" 336
"../../../Engine/Content/EngineResources/Black.uasset" 337
"../../../Engine/Content/EngineResources/DefaultTextureCube.uasset" 338
"../../../Engine/Content/EngineResources/DefaultVolumeTexture2D.uasset" 339
"../../../Engine/Content/EngineResources/DefaultVolumeTexture.uasset" 340
"../../../Engine/Content/EngineResources/GradientTexture0.uasset" 341
"../../../Engine/Content/EngineSky/VolumetricClouds/T_NoiseShape64.uasset" 342
"../../../Engine/Content/EngineSky/VolumetricClouds/T_VolumeNoiseShape64.uasset" 343
"../../../Engine/Content/EngineSky/VolumetricClouds/T_NoiseErosion.uasset" 344
"../../../Engine/Content/EngineSky/VolumetricClouds/T_VolumeNoiseErosion32.uasset" 345
"../../../Engine/Content/EngineSky/VolumetricClouds/CloudWeatherTexture.uasset" 346
"../../../Engine/Content/EngineSky/VolumetricClouds/CloudGradientTexture.uasset" 347
"../../../Engine/Content/Functions/Engine_MaterialFunctions02/Utility/MakeFloat2.uasset" 348
"../../../Engine/Content/EngineSky/VolumetricClouds/m_SimpleVolumetricCloud.uasset" 349
"../../../Engine/Content/EngineSky/VolumetricClouds/m_SimpleVolumetricCloud_Inst.uasset" 350
"../../../Engine/Content/EngineSounds/Master.uasset" 351
"../../../Engine/Content/Functions/Engine_MaterialFunctions01/Shading/PowerToRoughness.uasset" 352
"../../../Engine/Content/Maps/Templates/Thumbnails/Default.uasset" 353
"../../../Engine/Content/Maps/Templates/Thumbnails/TimeOfDay.uasset" 354
"../../../Engine/Content/Maps/Templates/Thumbnails/VR-Basic.uasset" 355
"../../../Engine/Content/MobileResources/T_MobileControls_texture.uasset" 356
"../../../Engine/Content/MobileResources/T_MobileMenu2.uasset" 357
"../../../Engine/Content/MobileResources/HUD/AnalogHat.uasset" 358
"../../../Engine/Content/MobileResources/HUD/VirtualJoystick_Thumb.uasset" 359
"../../../Engine/Content/MobileResources/HUD/VirtualJoystick_Background.uasset" 360
"../../../Engine/Content/MobileResources/HUD/DefaultVirtualJoysticks.uasset" 361
"../../../Engine/Content/MobileResources/HUD/LeftVirtualJoystickOnly.uasset" 362
"../../../Engine/Content/MobileResources/HUD/MobileHUDButton1_off.uasset" 363
"../../../Engine/Content/MobileResources/HUD/MobileHUDButton1_on.uasset" 364
"../../../Engine/Content/MobileResources/HUD/MobileHUDButton2_off.uasset" 365
"../../../Engine/Content/MobileResources/HUD/MobileHUDButton2_on.uasset" 366
"../../../Engine/Content/MobileResources/HUD/MobileHUDButton3.uasset" 367
"../../../Engine/Content/MobileResources/HUD/MobileHUDButtonFire.uasset" 368
"../../../Engine/Content/MobileResources/HUD/MobileHUDDirectionPad.uasset" 369
"../../../Engine/Content/MobileResources/HUD/MobileHUDDirectionPad2.uasset" 370
"../../../Engine/Content/MobileResources/HUD/MobileHUDDirectionPad3.uasset" 371
"../../../Engine/Content/MobileResources/HUD/MobileHUDDirectionStick.uasset" 372
"../../../Engine/Content/MobileResources/HUD/T_Castle_ThumbstickInner.uasset" 373
"../../../Engine/Content/MobileResources/HUD/T_Castle_ThumbstickOutter.uasset" 374
"../../../Engine/Content/Tutorial/ContentIntroCurve.uasset" 375
"../../../Engine/Content/Tutorial/Basics/LevelEditorAttract.uasset" 376
"../../../Engine/Content/Tutorial/Basics/TutorialAssets/icon_tab_Levels_40x.uasset" 377
"../../../Engine/Content/Tutorial/Basics/LevelEditorOverview.uasset" 378
"../../../Engine/Content/Tutorial/BlueprintTutorials/TutorialAssets/Blueprint_64x.uasset" 379
"../../../Engine/Content/Tutorial/BlueprintTutorials/BlueprintEditorTutorial.uasset" 380
"../../../Engine/Content/Tutorial/Landscape/TutorialAssets/Landscape.uasset" 381
"../../../Engine/Content/Tutorial/Landscape/LandscapeWalkThrough.uasset" 382
"../../../Engine/Content/Tutorial/Landscape/Landscape_Manage_Mode.uasset" 383
"../../../Engine/Content/Tutorial/Landscape/Landscape_Painting_Mode.uasset" 384
"../../../Engine/Content/Tutorial/Landscape/Landscape_Sculpt_Mode.uasset" 385
"../../../Engine/Content/VREditor/TransformGizmo/TranslucentTransformGizmoMaterial.uasset" 386
"../../../Engine/Content/VREditor/LaserPointer/VR_LaserPower_01.uasset" 387
"../../../Engine/Content/VREditor/TransformGizmo/TransformGizmoMaterial.uasset" 388
"../../../Engine/Content/VREditor/TransformGizmo/BoundingBoxCorner.uasset" 389
"../../../Engine/Content/VREditor/TransformGizmo/BoundingBoxEdge.uasset" 390
"../../../Engine/Content/VREditor/TransformGizmo/PlaneTranslationHandle.uasset" 391
"../../../Engine/Content/VREditor/TransformGizmo/Xray.uasset" 392
"../../../Engine/Content/VREditor/TransformGizmo/Main.uasset" 393
"../../../Engine/Content/VREditor/TransformGizmo/SM_Sequencer_Key.uasset" 394
"../../../Engine/Content/VREditor/TransformGizmo/SM_Sequencer_Node.uasset" 395
"../../Plugins/2D/Paper2D/Content/PlaceholderTextures/DummySpriteTexture.uasset" 396
"../../Plugins/2D/Paper2D/Content/DummySprite.uasset" 397
"../../Plugins/2D/Paper2D/Content/DefaultPaperTerrainMaterial.uasset" 398
"../../Plugins/2D/Paper2D/Content/DefaultSpriteMaterial.uasset" 399
"../../Plugins/2D/Paper2D/Content/MaskedUnlitSpriteMaterial.uasset" 400
"../../Plugins/2D/Paper2D/Content/OpaqueUnlitSpriteMaterial.uasset" 401
"../../Plugins/Editor/SpeedTreeImporter/Content/SpeedTree9/UnpackInteger3.uasset" 402
"../../Plugins/Editor/SpeedTreeImporter/Content/SpeedTree9/UnpackDirection.uasset" 403
"../../Plugins/Editor/SpeedTreeImporter/Content/SpeedTree9/game_wind_noise.uasset" 404
"../../Plugins/Editor/SpeedTreeImporter/Content/SpeedTree9/SpeedTreeWindMotion.uasset" 405
"../../Plugins/Editor/SpeedTreeImporter/Content/SpeedTree9/SpeedTreeBranchMotion.uasset" 406
"../../../Engine/Content/Functions/Engine_MaterialFunctions02/ObjectLocalBounds.uasset" 407
"../../../Engine/Content/Functions/Engine_MaterialFunctions02/UVs/BoundingBoxBased_0-1_UVW.uasset" 408
"../../Plugins/Editor/SpeedTreeImporter/Content/SpeedTree9/SpeedTreeWind.uasset" 409
"../../Plugins/Editor/SpeedTreeImporter/Content/SpeedTree9/SpeedTreeBillboard.uasset" 410
"../../../Engine/Content/EngineResources/DefaultTexture.uasset" 411
"../../Plugins/Editor/SpeedTreeImporter/Content/SpeedTree9/SpeedTreeBillboardMaster.uasset" 412
"../../Plugins/Editor/SpeedTreeImporter/Content/SpeedTree9/SpeedTreeCameraFacing.uasset" 413
"../../Plugins/Editor/SpeedTreeImporter/Content/SpeedTree9/SpeedTreeMaster.uasset" 414
"../../../Engine/Content/BasicShapes/Cylinder.uasset" 415
"../../../Engine/Content/ArtTools/RenderToTexture/Materials/Debug/M_Emissive_Color.uasset" 416
"../../Plugins/Lumin/MagicLeapPassableWorld/Content/MagicLeapARPinInfoActor.uasset" 417
"../../../Engine/Content/Functions/Engine_MaterialFunctions02/Utility/BreakOutFloat4Components.uasset" 418
"../../../Engine/Content/Functions/Engine_MaterialFunctions02/Utility/MakeFloat3.uasset" 419
"../../Plugins/Runtime/Oculus/OculusVR/Content/Materials/OculusMR_ChromaKey.uasset" 420
"../../Plugins/Runtime/Oculus/OculusVR/Content/Materials/OculusMR_OpaqueColoredMaterial.uasset" 421
"../../Plugins/Runtime/Oculus/OculusVR/Content/Materials/PokeAHoleMaterial.uasset" 422
"../../../Engine/Content/MapTemplates/SM_Template_Map_Floor.uasset" 423
"../../../Engine/Content/EngineSky/T_Sky_Clouds_M.uasset" 424
"../../../Engine/Content/EngineSky/T_Sky_Blue.uasset" 425
"../../../Engine/Content/BasicShapes/Cube.uasset" 426
"../../../Engine/Content/VREditor/BasicMeshes/T_CleanFloorGrunge_01_D.uasset" 427
"../../../Engine/Content/Functions/Engine_MaterialFunctions01/ImageAdjustment/CheapContrast.uasset" 428
"../../../Engine/Content/Functions/Engine_MaterialFunctions01/Texturing/WorldAlignedTexture.uasset" 429
"D:/proj/UE/GoRogue/Content/ExampleContent/M_BlockoutSimple.uasset" 430
"D:/proj/UE/GoRogue/Content/ExampleContent/MI_BlockoutSimple_Inst.uasset" 431
"D:/proj/UE/GoRogue/Content/ParagonMinions/FX/Textures/Tile/Noise/T_TileNoise.uasset" 432
"D:/proj/UE/GoRogue/Content/AssetLibrary/Materials/M_DissolveEffect.uasset" 433
"../../../Engine/Content/EngineSky/T_Sky_Stars.uasset" 434
"../../../Engine/Content/EngineSky/M_Sky_Panning_Clouds2.uasset" 435
"../../../Engine/Content/BasicShapes/BasicShapeMaterial.uasset" 436
"D:/proj/UE/GoRogue/Content/Maps/DefaultMap_BuiltData.uasset" 437
"D:/proj/UE/GoRogue/Content/ExampleContent/Materials/T_Treasure_Chest_N.uasset" 438
"D:/proj/UE/GoRogue/Content/ExampleContent/Materials/T_Treasure_Chest_M.uasset" 439
"D:/proj/UE/GoRogue/Content/ExampleContent/Materials/M_Treasure_Chest.uasset" 440
"D:/proj/UE/GoRogue/Content/ExampleContent/Meshes/SM_Chest_Bottom.uasset" 441
"D:/proj/UE/GoRogue/Content/ExampleContent/Meshes/SM_Chest_Lid.uasset" 442
"D:/proj/UE/GoRogue/Content/ExampleContent/Materials/T_Treasure_N.uasset" 443
"D:/proj/UE/GoRogue/Content/ExampleContent/Materials/M_Gold_Pile.uasset" 444
"D:/proj/UE/GoRogue/Content/ExampleContent/Meshes/SM_Treasure_Pile.uasset" 445
"D:/proj/UE/GoRogue/Content/ExampleContent/Textures/T_Space.uasset" 446
"../../../Engine/Content/EngineVolumetrics/LightBeam/Materials/T_EV_LightBeam_Falloff_03.uasset" 447
"D:/proj/UE/GoRogue/Content/ExampleContent/Materials/M_Energy_Burst.uasset" 448
"D:/proj/UE/GoRogue/Content/ExampleContent/Meshes/SM_Open_Square.uasset" 449
"D:/proj/UE/GoRogue/Content/ExampleContent/Meshes/SM_Coin_Small.uasset" 450
"D:/proj/UE/GoRogue/Content/ExampleContent/Materials/M_Radial_Gradient.uasset" 451
"D:/proj/UE/GoRogue/Content/ExampleContent/Effects/Textures/T_Sunflare.uasset" 452
"D:/proj/UE/GoRogue/Content/ExampleContent/Effects/Materials/m_flare_03.uasset" 453
"../../../Engine/Content/EngineMaterials/EmissiveTexturedMaterial.uasset" 454
"D:/proj/UE/GoRogue/Content/ExampleContent/Effects/P_Treasure_Burst.uasset" 455
"D:/proj/UE/GoRogue/Content/Environment/BP_TreasureChest.uasset" 456
"D:/proj/UE/GoRogue/Content/AssetLibrary/Meshes/Cube.uasset" 457
"D:/proj/UE/GoRogue/Content/AssetLibrary/Materials/MF_HitFlashDemo.uasset" 458
"D:/proj/UE/GoRogue/Content/AssetLibrary/Materials/M_HitFlashDemo.uasset" 459
"D:/proj/UE/GoRogue/Content/AssetLibrary/Materials/MI_HitFlash.uasset" 460
"D:/proj/UE/GoRogue/Content/UI/WBP_DamagePopup.uasset" 461
"D:/proj/UE/GoRogue/Content/Environment/BP_TargetDummy.uasset" 462
"D:/proj/UE/GoRogue/Content/ExampleContent/Enemy_Great_Spider/Textures/T_Enemy_GreaterSpider_Fire_D_01.uasset" 463
"D:/proj/UE/GoRogue/Content/AssetLibrary/Materials/M_PBRDemo.uasset" 464
"D:/proj/UE/GoRogue/Content/AssetLibrary/Materials/MI_PBRDemo.uasset" 465
"D:/proj/UE/GoRogue/Content/Environment/BP_PhysicsBox.uasset" 466
"D:/proj/UE/GoRogue/Content/ExampleContent/Audio/Textures/T_Metal_Painted01_N.uasset" 467
"D:/proj/UE/GoRogue/Content/ExampleContent/Materials/M_Metal_Lighter.uasset" 468
"D:/proj/UE/GoRogue/Content/ExampleContent/Meshes/SM_Interactive_Switch.uasset" 469
"D:/proj/UE/GoRogue/Content/ExampleContent/Materials/M_Orange_Shiny.uasset" 470
"D:/proj/UE/GoRogue/Content/ExampleContent/Meshes/SM_Interactive_Switch_Handle.uasset" 471
"D:/proj/UE/GoRogue/Content/Environment/BP_Lever.uasset" 472
"../../../Engine/Content/Functions/Engine_MaterialFunctions02/SmoothStep.uasset" 473
"D:/proj/UE/GoRogue/Content/ExampleContent/Materials/M_PotionGlass.uasset" 474
"D:/proj/UE/GoRogue/Content/ExampleContent/Meshes/SM_PotionBottle.uasset" 475
"D:/proj/UE/GoRogue/Content/Environment/BP_HealthPoition.uasset" 476
"D:/proj/UE/GoRogue/Content/ExampleContent/Textures/T_Toy_Cow_N.uasset" 477
"D:/proj/UE/GoRogue/Content/ExampleContent/Textures/T_Toy_Cow_M.uasset" 478
"D:/proj/UE/GoRogue/Content/ExampleContent/Materials/M_Toy_Cow.uasset" 479
"D:/proj/UE/GoRogue/Content/ExampleContent/Meshes/SM_Toy_Cow.uasset" 480
"D:/proj/UE/GoRogue/Content/Environment/BP_GrantAction.uasset" 481
"../../../Engine/Content/BasicShapes/Sphere.uasset" 482
"D:/proj/UE/GoRogue/Content/ExampleContent/Effects/Textures/T_Fire_tile.uasset" 483
"D:/proj/UE/GoRogue/Content/ExampleContent/Effects/Textures/T_Fire_subUV_01.uasset" 484
"D:/proj/UE/GoRogue/Content/ExampleContent/Effects/Materials/M_fire.uasset" 485
"D:/proj/UE/GoRogue/Content/ExampleContent/Effects/P_Flames.uasset" 486
"D:/proj/UE/GoRogue/Content/Environment/BP_BoneFire.uasset" 487
"../../../Engine/Content/EngineSky/SM_SkySphere.uasset" 488
"../../../Engine/Content/EngineSky/C_Sky_Zenith_Color.uasset" 489
"../../../Engine/Content/EngineSky/C_Sky_Horizon_Color.uasset" 490
"../../../Engine/Content/EngineSky/C_Sky_Cloud_Color.uasset" 491
"../../../Engine/Content/EngineSky/BP_Sky_Sphere.uasset" 492
"D:/proj/UE/GoRogue/Content/AI/EQC_TargetActor.uasset" 493
"D:/proj/UE/GoRogue/Content/AI/EQ_FindNearbyLocation.uasset" 494
"D:/proj/UE/GoRogue/Content/AI/EQ_FindHidingSpot.uasset" 495
"D:/proj/UE/GoRogue/Content/Weapon/BP_GRMagicProjectile_AI.uasset" 496
"D:/proj/UE/GoRogue/Content/AI/BB_MinionRanged.uasset" 497
"D:/proj/UE/GoRogue/Content/AI/BT_MinionRanged.uasset" 498
"D:/proj/UE/GoRogue/Content/AI/BP_AIMinionController.uasset" 499
"D:/proj/UE/GoRogue/Content/ParagonMinions/Characters/Minions/Down_Minions/Meshes/Minion_Lane_Core_Skeleton.uasset" 500
"D:/proj/UE/GoRogue/Content/ParagonMinions/Characters/Minions/Down_Minions/Animations/Ranged/Walk_Fwd_NonCombat_A.uasset" 501
"D:/proj/UE/GoRogue/Content/ParagonMinions/Characters/Minions/Down_Minions/Animations/Ranged/Jog_Right_NonCombat_A.uasset" 502
"D:/proj/UE/GoRogue/Content/ParagonMinions/Characters/Minions/Down_Minions/Animations/Ranged/Jog_Fwd_NonCombat_A.uasset" 503
"D:/proj/UE/GoRogue/Content/ParagonMinions/Characters/Minions/Down_Minions/Animations/Ranged/Idle_NonCombat_A.uasset" 504
"D:/proj/UE/GoRogue/Content/ParagonMinions/Characters/Minions/Down_Minions/Animations/Ranged/Jog_Left_NonCombat_A.uasset" 505
"D:/proj/UE/GoRogue/Content/ParagonMinions/Characters/Minions/Down_Minions/Animations/Ranged/Blendspaces/IdleToRun_A_NonCombat.uasset" 506
"D:/proj/UE/GoRogue/Content/ParagonMinions/Characters/Minions/Down_Minions/Animations/Ranged/Walk_Fwd_Combat_A.uasset" 507
"D:/proj/UE/GoRogue/Content/ParagonMinions/Characters/Minions/Down_Minions/Animations/Ranged/Jog_Left_Combat_A.uasset" 508
"D:/proj/UE/GoRogue/Content/ParagonMinions/Characters/Minions/Down_Minions/Animations/Ranged/Jog_Fwd_Combat_A.uasset" 509
"D:/proj/UE/GoRogue/Content/ParagonMinions/Characters/Minions/Down_Minions/Animations/Ranged/Jog_Right_Combat_A.uasset" 510
"D:/proj/UE/GoRogue/Content/ParagonMinions/Characters/Minions/Down_Minions/Animations/Ranged/Idle_A.uasset" 511
"D:/proj/UE/GoRogue/Content/ParagonMinions/Characters/Minions/Down_Minions/Animations/Ranged/Blendspaces/IdleToRun_A_Combat.uasset" 512
"D:/proj/UE/GoRogue/Content/ParagonMinions/Characters/Minions/Down_Minions/Animations/Ranged/Death_Front_A.uasset" 513
"D:/proj/UE/GoRogue/Content/ParagonMinions/Characters/Minions/Down_Minions/Meshes/MinionRanged_AnimBP.uasset" 514
"D:/proj/UE/GoRogue/Content/ParagonMinions/Characters/Minions/Down_Minions/Meshes/Minion_Lane_Ranged_Physics.uasset" 515
"D:/proj/UE/GoRogue/Content/ParagonMinions/Characters/Global/T_White.uasset" 516
"D:/proj/UE/GoRogue/Content/ParagonMinions/Characters/Minions/Down_Minions/Textures/Ranged/T_Minion_Dawn_Ranged_N.uasset" 517
"D:/proj/UE/GoRogue/Content/ParagonMinions/Characters/Minions/Down_Minions/Textures/Ranged/T_Minion_Dawn_Ranged_D.uasset" 518
"D:/proj/UE/GoRogue/Content/ExampleContent/MaterialFunctions/MF_HitFlash.uasset" 519
"../../../Engine/Content/EngineMaterials/FlatNormal.uasset" 520
"D:/proj/UE/GoRogue/Content/ParagonMinions/Characters/Minions/Down_Minions/Materials/M_SimpleLaneMinion.uasset" 521
"D:/proj/UE/GoRogue/Content/ParagonMinions/Characters/Minions/Down_Minions/Materials/MI_SimpleMinion_Ranged.uasset" 522
"D:/proj/UE/GoRogue/Content/ParagonMinions/Characters/Minions/Down_Minions/Meshes/Minion_Lane_Ranged_Dawn.uasset" 523
"D:/proj/UE/GoRogue/Content/AssetLibrary/Materials/T_ExplPoint2.uasset" 524
"D:/proj/UE/GoRogue/Content/UI/WBP_OnSpotted.uasset" 525
"D:/proj/UE/GoRogue/Content/Characters/AI/BP_MinionRanged.uasset" 526
"D:/proj/UE/GoRogue/Content/Maps/DefaultMap.umap" 527
"D:/proj/UE/GoRogue/Content/Maps/MainMenu_Entry_BuiltData.uasset" 528
"D:/proj/UE/GoRogue/Content/UI/Menu/WBP_MainMenu.uasset" 529
"D:/proj/UE/GoRogue/Content/GameModes/BP_MainMenu_GM.uasset" 530
"D:/proj/UE/GoRogue/Content/Maps/MainMenu_Entry.umap" 531
"../../../Engine/Content/Maps/Entry_BuiltData.uasset" 532
"../../../Engine/Content/Maps/Entry.umap" 533
